<?xml version="1.0" encoding="UTF-8"?>
<testng-results skipped="0" failed="1" ignored="0" total="2" passed="1">
  <reporter-output>
  </reporter-output>
  <suite name="Default suite" duration-ms="23211" started-at="2020-12-11T12:06:37Z" finished-at="2020-12-11T12:07:00Z">
    <groups>
    </groups>
    <test name="Default test" duration-ms="23211" started-at="2020-12-11T12:06:37Z" finished-at="2020-12-11T12:07:00Z">
      <class name="com.HybridFrameworkDemo.testcases.Test001_LoginTest">
        <test-method status="PASS" signature="StartBrowser()[pri:0, instance:com.HybridFrameworkDemo.testcases.Test001_LoginTest@3cc2931c]" name="StartBrowser" is-config="true" duration-ms="15874" started-at="2020-12-11T12:06:37Z" finished-at="2020-12-11T12:06:53Z">
          <reporter-output>
          </reporter-output>
        </test-method> <!-- StartBrowser -->
        <test-method status="PASS" signature="setup()[pri:0, instance:com.HybridFrameworkDemo.testcases.Test001_LoginTest@3cc2931c]" name="setup" is-config="true" duration-ms="3" started-at="2020-12-11T12:06:53Z" finished-at="2020-12-11T12:06:53Z">
          <reporter-output>
          </reporter-output>
        </test-method> <!-- setup -->
        <test-method status="PASS" signature="loginWithAdmin(java.lang.String, java.lang.String)[pri:0, instance:com.HybridFrameworkDemo.testcases.Test001_LoginTest@3cc2931c]" name="loginWithAdmin" duration-ms="5183" started-at="2020-12-11T12:06:53Z" data-provider="LoginData" finished-at="2020-12-11T12:06:58Z">
          <params>
            <param index="0">
              <value>
                <![CDATA[Admin]]>
              </value>
            </param>
            <param index="1">
              <value>
                <![CDATA[admin123]]>
              </value>
            </param>
          </params>
          <reporter-output>
          </reporter-output>
        </test-method> <!-- loginWithAdmin -->
        <test-method status="PASS" signature="setup()[pri:0, instance:com.HybridFrameworkDemo.testcases.Test001_LoginTest@3cc2931c]" name="setup" is-config="true" duration-ms="0" started-at="2020-12-11T12:06:58Z" finished-at="2020-12-11T12:06:58Z">
          <reporter-output>
          </reporter-output>
        </test-method> <!-- setup -->
        <test-method status="FAIL" signature="loginWithAdmin(java.lang.String, java.lang.String)[pri:0, instance:com.HybridFrameworkDemo.testcases.Test001_LoginTest@3cc2931c]" name="loginWithAdmin" duration-ms="1030" started-at="2020-12-11T12:06:58Z" data-provider="LoginData" finished-at="2020-12-11T12:06:59Z">
          <params>
            <param index="0">
              <value>
                <![CDATA[sheetal]]>
              </value>
            </param>
            <param index="1">
              <value>
                <![CDATA[mane]]>
              </value>
            </param>
          </params>
          <exception class="java.lang.AssertionError">
            <message>
              <![CDATA[expected [true] but found [false]]]>
            </message>
            <full-stacktrace>
              <![CDATA[java.lang.AssertionError: expected [true] but found [false]
at org.testng.Assert.fail(Assert.java:96)
at org.testng.Assert.failNotEquals(Assert.java:776)
at org.testng.Assert.assertTrue(Assert.java:44)
at org.testng.Assert.assertTrue(Assert.java:54)
at com.HybridFrameworkDemo.pages.LoginPage.loginApplication(LoginPage.java:23)
at com.HybridFrameworkDemo.testcases.Test001_LoginTest.loginWithAdmin(Test001_LoginTest.java:23)
at sun.reflect.NativeMethodAccessorImpl.invoke0(Native Method)
at sun.reflect.NativeMethodAccessorImpl.invoke(Unknown Source)
at sun.reflect.DelegatingMethodAccessorImpl.invoke(Unknown Source)
at java.lang.reflect.Method.invoke(Unknown Source)
at org.testng.internal.MethodInvocationHelper.invokeMethod(MethodInvocationHelper.java:124)
at org.testng.internal.Invoker.invokeMethod(Invoker.java:583)
at org.testng.internal.Invoker.invokeTestMethod(Invoker.java:719)
at org.testng.internal.Invoker.invokeTestMethods(Invoker.java:989)
at org.testng.internal.TestMethodWorker.invokeTestMethods(TestMethodWorker.java:125)
at org.testng.internal.TestMethodWorker.run(TestMethodWorker.java:109)
at org.testng.TestRunner.privateRun(TestRunner.java:648)
at org.testng.TestRunner.run(TestRunner.java:505)
at org.testng.SuiteRunner.runTest(SuiteRunner.java:455)
at org.testng.SuiteRunner.runSequentially(SuiteRunner.java:450)
at org.testng.SuiteRunner.privateRun(SuiteRunner.java:415)
at org.testng.SuiteRunner.run(SuiteRunner.java:364)
at org.testng.SuiteRunnerWorker.runSuite(SuiteRunnerWorker.java:52)
at org.testng.SuiteRunnerWorker.run(SuiteRunnerWorker.java:84)
at org.testng.TestNG.runSuitesSequentially(TestNG.java:1208)
at org.testng.TestNG.runSuitesLocally(TestNG.java:1137)
at org.testng.TestNG.runSuites(TestNG.java:1049)
at org.testng.TestNG.run(TestNG.java:1017)
at org.testng.remote.AbstractRemoteTestNG.run(AbstractRemoteTestNG.java:115)
at org.testng.remote.RemoteTestNG.initAndRun(RemoteTestNG.java:251)
at org.testng.remote.RemoteTestNG.main(RemoteTestNG.java:77)
]]>
            </full-stacktrace>
          </exception> <!-- java.lang.AssertionError -->
          <reporter-output>
          </reporter-output>
        </test-method> <!-- loginWithAdmin -->
        <test-method status="PASS" signature="tearDown()[pri:0, instance:com.HybridFrameworkDemo.testcases.Test001_LoginTest@3cc2931c]" name="tearDown" is-config="true" duration-ms="690" started-at="2020-12-11T12:06:59Z" finished-at="2020-12-11T12:07:00Z">
          <reporter-output>
          </reporter-output>
        </test-method> <!-- tearDown -->
      </class> <!-- com.HybridFrameworkDemo.testcases.Test001_LoginTest -->
    </test> <!-- Default test -->
  </suite> <!-- Default suite -->
</testng-results>
